<?xml version="1.0" encoding="UTF-8"?>
<testng-results ignored="0" total="1" passed="1" failed="0" skipped="0">
  <reporter-output>
  </reporter-output>
  <suite started-at="2023-03-11T22:24:30 CET" name="Surefire suite" finished-at="2023-03-11T22:24:46 CET" duration-ms="15442">
    <groups>
    </groups>
    <test started-at="2023-03-11T22:24:30 CET" name="Surefire test" finished-at="2023-03-11T22:24:46 CET" duration-ms="15442">
      <class name="com.linkedin.PositiveTests">
        <test-method signature="loginTest()[pri:0, instance:com.linkedin.PositiveTests@6a01e23]" started-at="2023-03-11T22:24:30 CET" name="loginTest" finished-at="2023-03-11T22:24:46 CET" duration-ms="15385" status="PASS">
          <reporter-output>
          </reporter-output>
        </test-method> <!-- loginTest -->
      </class> <!-- com.linkedin.PositiveTests -->
    </test> <!-- Surefire test -->
  </suite> <!-- Surefire suite -->
</testng-results>
