<?xml version="1.0" encoding="UTF-8"?>
<!-- Generated by org.testng.reporters.JUnitXMLReporter -->
<testsuite ignored="1" hostname="LAPTOP-9V9CRCNB" failures="1" tests="1" name="NegativePasswordTests" time="10.489" errors="0" timestamp="2023-03-13T16:17:18 CET">
  <testcase classname="com.linkedin.LoginTests" name="negativeLoginTests" time="4.686">
    <failure type="java.lang.AssertionError" message="Actual message does not contain expected message.
Actual Message: Nieprawidłowe hasło. Spróbuj ponownie lub
zaloguj się za pomocą jednorazowego linku
Expected Message: That&amp;apos;s not the right password. expected [true] but found [false]">
      <![CDATA[java.lang.AssertionError: Actual message does not contain expected message.
Actual Message: Nieprawidłowe hasło. Spróbuj ponownie lub
zaloguj się za pomocą jednorazowego linku
Expected Message: That's not the right password. expected [true] but found [false]
at com.linkedin.LoginTests.negativeLoginTests(LoginTests.java:147)
at java.base/java.util.ArrayList.forEach(ArrayList.java:1511)
... Removed 30 stack frames]]>
    </failure>
  </testcase> <!-- negativeLoginTests -->
  <testcase classname="com.linkedin.LoginTests" name="positiveLoginTest" time="0.0">
    <ignored/>
  </testcase> <!-- positiveLoginTest -->
</testsuite> <!-- NegativePasswordTests -->
