<?xml version="1.0" encoding="UTF-8"?>
<!-- Generated by org.testng.reporters.JUnitXMLReporter -->
<testsuite ignored="1" hostname="LAPTOP-9V9CRCNB" failures="0" tests="1" name="PositiveTests" time="13.748" errors="0" timestamp="2023-03-13T16:17:07 CET">
  <testcase classname="com.linkedin.LoginTests" name="positiveLoginTest" time="9.795"/>
  <testcase classname="com.linkedin.LoginTests" name="negativeLoginTests" time="0.0">
    <ignored/>
  </testcase> <!-- negativeLoginTests -->
</testsuite> <!-- PositiveTests -->
